<?xml version="1.0" encoding="UTF-8"?>
<!-- Generated by org.testng.reporters.JUnitReportReporter -->
<testsuite hostname="LAPTOP-MACP9Q2L" failures="0" tests="1" name="NotePad2.NewTest" time="2.087" errors="0" timestamp="21 Feb 2022 11:06:48 GMT">
  <testcase classname="NotePad2.NewTest" name="f" time="2.087"/>
</testsuite> <!-- NotePad2.NewTest -->
